Using python: /home/ryreu/guided_cnn/csci1470/ThreeOfThem/new_final_csci1470/.venv_csci1470_smoke/bin/python
Python 3.9.25
Requirement already satisfied: pip in ./.venv_csci1470_smoke/lib/python3.9/site-packages (26.0.1)
Requirement already satisfied: setuptools in ./.venv_csci1470_smoke/lib/python3.9/site-packages (82.0.1)
Requirement already satisfied: wheel in ./.venv_csci1470_smoke/lib/python3.9/site-packages (0.47.0)
Requirement already satisfied: packaging>=24.0 in ./.venv_csci1470_smoke/lib/python3.9/site-packages (from wheel) (26.2)
Requirement already satisfied: numpy>=1.21 in ./.venv_csci1470_smoke/lib/python3.9/site-packages (from -r /home/ryreu/guided_cnn/csci1470/ThreeOfThem/new_final_csci1470/requirements-smoke.txt (line 1)) (2.0.2)
Requirement already satisfied: matplotlib>=3.5 in ./.venv_csci1470_smoke/lib/python3.9/site-packages (from -r /home/ryreu/guided_cnn/csci1470/ThreeOfThem/new_final_csci1470/requirements-smoke.txt (line 2)) (3.9.4)
Requirement already satisfied: pillow>=9.0 in ./.venv_csci1470_smoke/lib/python3.9/site-packages (from -r /home/ryreu/guided_cnn/csci1470/ThreeOfThem/new_final_csci1470/requirements-smoke.txt (line 3)) (11.3.0)
Requirement already satisfied: contourpy>=1.0.1 in ./.venv_csci1470_smoke/lib/python3.9/site-packages (from matplotlib>=3.5->-r /home/ryreu/guided_cnn/csci1470/ThreeOfThem/new_final_csci1470/requirements-smoke.txt (line 2)) (1.3.0)
Requirement already satisfied: cycler>=0.10 in ./.venv_csci1470_smoke/lib/python3.9/site-packages (from matplotlib>=3.5->-r /home/ryreu/guided_cnn/csci1470/ThreeOfThem/new_final_csci1470/requirements-smoke.txt (line 2)) (0.12.1)
Requirement already satisfied: fonttools>=4.22.0 in ./.venv_csci1470_smoke/lib/python3.9/site-packages (from matplotlib>=3.5->-r /home/ryreu/guided_cnn/csci1470/ThreeOfThem/new_final_csci1470/requirements-smoke.txt (line 2)) (4.60.2)
Requirement already satisfied: kiwisolver>=1.3.1 in ./.venv_csci1470_smoke/lib/python3.9/site-packages (from matplotlib>=3.5->-r /home/ryreu/guided_cnn/csci1470/ThreeOfThem/new_final_csci1470/requirements-smoke.txt (line 2)) (1.4.7)
Requirement already satisfied: packaging>=20.0 in ./.venv_csci1470_smoke/lib/python3.9/site-packages (from matplotlib>=3.5->-r /home/ryreu/guided_cnn/csci1470/ThreeOfThem/new_final_csci1470/requirements-smoke.txt (line 2)) (26.2)
Requirement already satisfied: pyparsing>=2.3.1 in ./.venv_csci1470_smoke/lib/python3.9/site-packages (from matplotlib>=3.5->-r /home/ryreu/guided_cnn/csci1470/ThreeOfThem/new_final_csci1470/requirements-smoke.txt (line 2)) (3.3.2)
Requirement already satisfied: python-dateutil>=2.7 in ./.venv_csci1470_smoke/lib/python3.9/site-packages (from matplotlib>=3.5->-r /home/ryreu/guided_cnn/csci1470/ThreeOfThem/new_final_csci1470/requirements-smoke.txt (line 2)) (2.9.0.post0)
Requirement already satisfied: importlib-resources>=3.2.0 in ./.venv_csci1470_smoke/lib/python3.9/site-packages (from matplotlib>=3.5->-r /home/ryreu/guided_cnn/csci1470/ThreeOfThem/new_final_csci1470/requirements-smoke.txt (line 2)) (6.5.2)
Requirement already satisfied: zipp>=3.1.0 in ./.venv_csci1470_smoke/lib/python3.9/site-packages (from importlib-resources>=3.2.0->matplotlib>=3.5->-r /home/ryreu/guided_cnn/csci1470/ThreeOfThem/new_final_csci1470/requirements-smoke.txt (line 2)) (3.23.1)
Requirement already satisfied: six>=1.5 in ./.venv_csci1470_smoke/lib/python3.9/site-packages (from python-dateutil>=2.7->matplotlib>=3.5->-r /home/ryreu/guided_cnn/csci1470/ThreeOfThem/new_final_csci1470/requirements-smoke.txt (line 2)) (1.17.0)
Venv ready: /home/ryreu/guided_cnn/csci1470/ThreeOfThem/new_final_csci1470/.venv_csci1470_smoke
Requirement already satisfied: numpy>=1.21 in ./.venv_csci1470_smoke/lib/python3.9/site-packages (from -r /home/ryreu/guided_cnn/csci1470/ThreeOfThem/new_final_csci1470/requirements-smoke.txt (line 1)) (2.0.2)
Requirement already satisfied: matplotlib>=3.5 in ./.venv_csci1470_smoke/lib/python3.9/site-packages (from -r /home/ryreu/guided_cnn/csci1470/ThreeOfThem/new_final_csci1470/requirements-smoke.txt (line 2)) (3.9.4)
Requirement already satisfied: pillow>=9.0 in ./.venv_csci1470_smoke/lib/python3.9/site-packages (from -r /home/ryreu/guided_cnn/csci1470/ThreeOfThem/new_final_csci1470/requirements-smoke.txt (line 3)) (11.3.0)
Requirement already satisfied: torch<2.6,>=2.1 in ./.venv_csci1470_smoke/lib/python3.9/site-packages (from -r requirements-train.txt (line 2)) (2.5.1)
Requirement already satisfied: filelock in ./.venv_csci1470_smoke/lib/python3.9/site-packages (from torch<2.6,>=2.1->-r requirements-train.txt (line 2)) (3.19.1)
Requirement already satisfied: typing-extensions>=4.8.0 in ./.venv_csci1470_smoke/lib/python3.9/site-packages (from torch<2.6,>=2.1->-r requirements-train.txt (line 2)) (4.15.0)
Requirement already satisfied: networkx in ./.venv_csci1470_smoke/lib/python3.9/site-packages (from torch<2.6,>=2.1->-r requirements-train.txt (line 2)) (3.2.1)
Requirement already satisfied: jinja2 in ./.venv_csci1470_smoke/lib/python3.9/site-packages (from torch<2.6,>=2.1->-r requirements-train.txt (line 2)) (3.1.6)
Requirement already satisfied: fsspec in ./.venv_csci1470_smoke/lib/python3.9/site-packages (from torch<2.6,>=2.1->-r requirements-train.txt (line 2)) (2025.10.0)
Requirement already satisfied: nvidia-cuda-nvrtc-cu12==12.4.127 in ./.venv_csci1470_smoke/lib/python3.9/site-packages (from torch<2.6,>=2.1->-r requirements-train.txt (line 2)) (12.4.127)
Requirement already satisfied: nvidia-cuda-runtime-cu12==12.4.127 in ./.venv_csci1470_smoke/lib/python3.9/site-packages (from torch<2.6,>=2.1->-r requirements-train.txt (line 2)) (12.4.127)
Requirement already satisfied: nvidia-cuda-cupti-cu12==12.4.127 in ./.venv_csci1470_smoke/lib/python3.9/site-packages (from torch<2.6,>=2.1->-r requirements-train.txt (line 2)) (12.4.127)
Requirement already satisfied: nvidia-cudnn-cu12==9.1.0.70 in ./.venv_csci1470_smoke/lib/python3.9/site-packages (from torch<2.6,>=2.1->-r requirements-train.txt (line 2)) (9.1.0.70)
Requirement already satisfied: nvidia-cublas-cu12==12.4.5.8 in ./.venv_csci1470_smoke/lib/python3.9/site-packages (from torch<2.6,>=2.1->-r requirements-train.txt (line 2)) (12.4.5.8)
Requirement already satisfied: nvidia-cufft-cu12==11.2.1.3 in ./.venv_csci1470_smoke/lib/python3.9/site-packages (from torch<2.6,>=2.1->-r requirements-train.txt (line 2)) (11.2.1.3)
Requirement already satisfied: nvidia-curand-cu12==10.3.5.147 in ./.venv_csci1470_smoke/lib/python3.9/site-packages (from torch<2.6,>=2.1->-r requirements-train.txt (line 2)) (10.3.5.147)
Requirement already satisfied: nvidia-cusolver-cu12==11.6.1.9 in ./.venv_csci1470_smoke/lib/python3.9/site-packages (from torch<2.6,>=2.1->-r requirements-train.txt (line 2)) (11.6.1.9)
Requirement already satisfied: nvidia-cusparse-cu12==12.3.1.170 in ./.venv_csci1470_smoke/lib/python3.9/site-packages (from torch<2.6,>=2.1->-r requirements-train.txt (line 2)) (12.3.1.170)
Requirement already satisfied: nvidia-nccl-cu12==2.21.5 in ./.venv_csci1470_smoke/lib/python3.9/site-packages (from torch<2.6,>=2.1->-r requirements-train.txt (line 2)) (2.21.5)
Requirement already satisfied: nvidia-nvtx-cu12==12.4.127 in ./.venv_csci1470_smoke/lib/python3.9/site-packages (from torch<2.6,>=2.1->-r requirements-train.txt (line 2)) (12.4.127)
Requirement already satisfied: nvidia-nvjitlink-cu12==12.4.127 in ./.venv_csci1470_smoke/lib/python3.9/site-packages (from torch<2.6,>=2.1->-r requirements-train.txt (line 2)) (12.4.127)
Requirement already satisfied: triton==3.1.0 in ./.venv_csci1470_smoke/lib/python3.9/site-packages (from torch<2.6,>=2.1->-r requirements-train.txt (line 2)) (3.1.0)
Requirement already satisfied: sympy==1.13.1 in ./.venv_csci1470_smoke/lib/python3.9/site-packages (from torch<2.6,>=2.1->-r requirements-train.txt (line 2)) (1.13.1)
Requirement already satisfied: mpmath<1.4,>=1.1.0 in ./.venv_csci1470_smoke/lib/python3.9/site-packages (from sympy==1.13.1->torch<2.6,>=2.1->-r requirements-train.txt (line 2)) (1.3.0)
Requirement already satisfied: contourpy>=1.0.1 in ./.venv_csci1470_smoke/lib/python3.9/site-packages (from matplotlib>=3.5->-r /home/ryreu/guided_cnn/csci1470/ThreeOfThem/new_final_csci1470/requirements-smoke.txt (line 2)) (1.3.0)
Requirement already satisfied: cycler>=0.10 in ./.venv_csci1470_smoke/lib/python3.9/site-packages (from matplotlib>=3.5->-r /home/ryreu/guided_cnn/csci1470/ThreeOfThem/new_final_csci1470/requirements-smoke.txt (line 2)) (0.12.1)
Requirement already satisfied: fonttools>=4.22.0 in ./.venv_csci1470_smoke/lib/python3.9/site-packages (from matplotlib>=3.5->-r /home/ryreu/guided_cnn/csci1470/ThreeOfThem/new_final_csci1470/requirements-smoke.txt (line 2)) (4.60.2)
Requirement already satisfied: kiwisolver>=1.3.1 in ./.venv_csci1470_smoke/lib/python3.9/site-packages (from matplotlib>=3.5->-r /home/ryreu/guided_cnn/csci1470/ThreeOfThem/new_final_csci1470/requirements-smoke.txt (line 2)) (1.4.7)
Requirement already satisfied: packaging>=20.0 in ./.venv_csci1470_smoke/lib/python3.9/site-packages (from matplotlib>=3.5->-r /home/ryreu/guided_cnn/csci1470/ThreeOfThem/new_final_csci1470/requirements-smoke.txt (line 2)) (26.2)
Requirement already satisfied: pyparsing>=2.3.1 in ./.venv_csci1470_smoke/lib/python3.9/site-packages (from matplotlib>=3.5->-r /home/ryreu/guided_cnn/csci1470/ThreeOfThem/new_final_csci1470/requirements-smoke.txt (line 2)) (3.3.2)
Requirement already satisfied: python-dateutil>=2.7 in ./.venv_csci1470_smoke/lib/python3.9/site-packages (from matplotlib>=3.5->-r /home/ryreu/guided_cnn/csci1470/ThreeOfThem/new_final_csci1470/requirements-smoke.txt (line 2)) (2.9.0.post0)
Requirement already satisfied: importlib-resources>=3.2.0 in ./.venv_csci1470_smoke/lib/python3.9/site-packages (from matplotlib>=3.5->-r /home/ryreu/guided_cnn/csci1470/ThreeOfThem/new_final_csci1470/requirements-smoke.txt (line 2)) (6.5.2)
Requirement already satisfied: zipp>=3.1.0 in ./.venv_csci1470_smoke/lib/python3.9/site-packages (from importlib-resources>=3.2.0->matplotlib>=3.5->-r /home/ryreu/guided_cnn/csci1470/ThreeOfThem/new_final_csci1470/requirements-smoke.txt (line 2)) (3.23.1)
Requirement already satisfied: six>=1.5 in ./.venv_csci1470_smoke/lib/python3.9/site-packages (from python-dateutil>=2.7->matplotlib>=3.5->-r /home/ryreu/guided_cnn/csci1470/ThreeOfThem/new_final_csci1470/requirements-smoke.txt (line 2)) (1.17.0)
Requirement already satisfied: MarkupSafe>=2.0 in ./.venv_csci1470_smoke/lib/python3.9/site-packages (from jinja2->torch<2.6,>=2.1->-r requirements-train.txt (line 2)) (3.0.3)
/home/ryreu/guided_cnn/csci1470/ThreeOfThem/new_final_csci1470/.venv_csci1470_smoke/bin/python
Python 3.9.25
Sat Apr 25 19:15:04 2026       
+-----------------------------------------------------------------------------------------+
| NVIDIA-SMI 550.90.07              Driver Version: 550.90.07      CUDA Version: 12.4     |
|-----------------------------------------+------------------------+----------------------+
| GPU  Name                 Persistence-M | Bus-Id          Disp.A | Volatile Uncorr. ECC |
| Fan  Temp   Perf          Pwr:Usage/Cap |           Memory-Usage | GPU-Util  Compute M. |
|                                         |                        |               MIG M. |
|=========================================+========================+======================|
|   0  NVIDIA A100-PCIE-40GB          On  |   00000000:3B:00.0 Off |                    0 |
| N/A   32C    P0             31W /  250W |       1MiB /  40960MiB |      0%      Default |
|                                         |                        |             Disabled |
+-----------------------------------------+------------------------+----------------------+
                                                                                         
+-----------------------------------------------------------------------------------------+
| Processes:                                                                              |
|  GPU   GI   CI        PID   Type   Process name                              GPU Memory |
|        ID   ID                                                               Usage      |
|=========================================================================================|
|  No running processes found                                                             |
+-----------------------------------------------------------------------------------------+
=== RUN INFERENCE + SETUP GIFS + BEST GIF ===
PIPE_TAG=altw_20260425_014429
checkpoint=/home/ryreu/guided_cnn/csci1470/ThreeOfThem/new_final_csci1470/artifacts/ppo_long_altw_20260425_014429_20260425_014434/checkpoint_best.pt
outdir=/home/ryreu/guided_cnn/csci1470/ThreeOfThem/new_final_csci1470/artifacts/ppo_long_altw_20260425_014429_20260425_014434/inference_best_gif
[setup seed=2103139804] converged_step=None min_pos_err=0.258342 final_pos_err=0.451044 collided=True
[setup seed=2097446776] converged_step=2 min_pos_err=0.332352 final_pos_err=0.420903 collided=True
[setup seed=2121586239] converged_step=None min_pos_err=0.282276 final_pos_err=0.624685 collided=True
[setup seed=816464123] converged_step=None min_pos_err=0.465791 final_pos_err=0.661512 collided=True
[setup seed=367992410] converged_step=25 min_pos_err=0.101972 final_pos_err=801.919292 collided=True
[setup seed=1982656189] converged_step=2 min_pos_err=0.210058 final_pos_err=23788.623686 collided=True
[setup seed=225255239] converged_step=None min_pos_err=0.463463 final_pos_err=45096.343060 collided=True
[setup seed=561980201] converged_step=None min_pos_err=0.457930 final_pos_err=0.545502 collided=True
[setup seed=298028866] converged_step=None min_pos_err=0.473977 final_pos_err=0.523421 collided=True
[setup seed=685255715] converged_step=None min_pos_err=0.417224 final_pos_err=0.556774 collided=True
saved 10 setup gifs under: /home/ryreu/guided_cnn/csci1470/ThreeOfThem/new_final_csci1470/artifacts/ppo_long_altw_20260425_014429_20260425_014434/inference_best_gif
saved best gif: /home/ryreu/guided_cnn/csci1470/ThreeOfThem/new_final_csci1470/artifacts/ppo_long_altw_20260425_014429_20260425_014434/inference_best_gif/best_convergence_seed_1982656189.gif
saved summary: /home/ryreu/guided_cnn/csci1470/ThreeOfThem/new_final_csci1470/artifacts/ppo_long_altw_20260425_014429_20260425_014434/inference_best_gif/inference_summary.json
end_time=Sat Apr 25 07:16:52 PM EDT 2026
